<?xml version="1.0" encoding="UTF-8"?><testsuite errors="1" failures="0" name="Realizar ciclos de prueba" skipped="0" tests="1" time="25.38" timestamp="2023-02-24 08:21:20"><testcase name="Realizar ciclos de pruebaexitoso"><error message="no such element: Unable to locate element: {&quot;method&quot;:&quot;xpath&quot;,&quot;selector&quot;:&quot;//p[@class='text-center text-xl font-bold']&quot;}&#10;  (Session info: chrome=110.0.5481.177)&#10;For documentation on this error, please visit: https://www.seleniumhq.org/exceptions/no_such_element.html&#10;Build info: version: '3.141.59', revision: 'e82be7d358', time: '2018-11-14T08:17:03'&#10;System info: host: 'SQAMED-86529', ip: '10.201.247.111', os.name: 'Windows 10', os.arch: 'amd64', os.version: '10.0', java.version: '11.0.18'&#10;Driver info: org.openqa.selenium.chrome.ChromeDriver&#10;Capabilities {acceptInsecureCerts: false, browserName: chrome, browserVersion: 110.0.5481.177, chrome: {chromedriverVersion: 109.0.5414.25 (771113d280dd..., userDataDir: C:\Users\pcc\AppData\Local\...}, goog:chromeOptions: {debuggerAddress: localhost:54800}, javascriptEnabled: true, networkConnectionEnabled: false, pageLoadStrategy: normal, platform: WINDOWS, platformName: WINDOWS, proxy: Proxy(), setWindowRect: true, strictFileInteractability: false, timeouts: {implicit: 0, pageLoad: 300000, script: 30000}, unhandledPromptBehavior: ignore, webauthn:extension:credBlob: true, webauthn:extension:largeBlob: true, webauthn:virtualAuthenticators: true}&#10;Session ID: a24e50f2a476bb18db6bf39fdecab987&#10;*** Element info: {Using=xpath, value=//p[@class='text-center text-xl font-bold']}" type="org.openqa.selenium.NoSuchElementException">no such element: Unable to locate element: {"method":"xpath","selector":"//p[@class='text-center text-xl font-bold']"}
  (Session info: chrome=110.0.5481.177)
For documentation on this error, please visit: https://www.seleniumhq.org/exceptions/no_such_element.html
Build info: version: '3.141.59', revision: 'e82be7d358', time: '2018-11-14T08:17:03'
System info: host: 'SQAMED-86529', ip: '10.201.247.111', os.name: 'Windows 10', os.arch: 'amd64', os.version: '10.0', java.version: '11.0.18'
Driver info: org.openqa.selenium.chrome.ChromeDriver
Capabilities {acceptInsecureCerts: false, browserName: chrome, browserVersion: 110.0.5481.177, chrome: {chromedriverVersion: 109.0.5414.25 (771113d280dd..., userDataDir: C:\Users\pcc\AppData\Local\...}, goog:chromeOptions: {debuggerAddress: localhost:54800}, javascriptEnabled: true, networkConnectionEnabled: false, pageLoadStrategy: normal, platform: WINDOWS, platformName: WINDOWS, proxy: Proxy(), setWindowRect: true, strictFileInteractability: false, timeouts: {implicit: 0, pageLoad: 300000, script: 30000}, unhandledPromptBehavior: ignore, webauthn:extension:credBlob: true, webauthn:extension:largeBlob: true, webauthn:virtualAuthenticators: true}
Session ID: a24e50f2a476bb18db6bf39fdecab987
*** Element info: {Using=xpath, value=//p[@class='text-center text-xl font-bold']}</error><system-err>no such element: Unable to locate element: {"method":"xpath","selector":"//p[@class='text-center text-xl font-bold']"}
  (Session info: chrome=110.0.5481.177)
For documentation on this error, please visit: https://www.seleniumhq.org/exceptions/no_such_element.html
Build info: version: '3.141.59', revision: 'e82be7d358', time: '2018-11-14T08:17:03'
System info: host: 'SQAMED-86529', ip: '10.201.247.111', os.name: 'Windows 10', os.arch: 'amd64', os.version: '10.0', java.version: '11.0.18'
Driver info: org.openqa.selenium.chrome.ChromeDriver
Capabilities {acceptInsecureCerts: false, browserName: chrome, browserVersion: 110.0.5481.177, chrome: {chromedriverVersion: 109.0.5414.25 (771113d280dd..., userDataDir: C:\Users\pcc\AppData\Local\...}, goog:chromeOptions: {debuggerAddress: localhost:54800}, javascriptEnabled: true, networkConnectionEnabled: false, pageLoadStrategy: normal, platform: WINDOWS, platformName: WINDOWS, proxy: Proxy(), setWindowRect: true, strictFileInteractability: false, timeouts: {implicit: 0, pageLoad: 300000, script: 30000}, unhandledPromptBehavior: ignore, webauthn:extension:credBlob: true, webauthn:extension:largeBlob: true, webauthn:virtualAuthenticators: true}
Session ID: a24e50f2a476bb18db6bf39fdecab987
*** Element info: {Using=xpath, value=//p[@class='text-center text-xl font-bold']}&#13;
com.evalartapp.tasks.tasks.EjecucionCiclos.performAs(EjecucionCiclos.java:43)&#13;
com.evalartapp.tasks.stepDefinitions.RealizarCiclosDePruebaStepDefinition.elUsuarioRealizaLasEjecucionesDeLosCiclos(RealizarCiclosDePruebaStepDefinition.java:28)&#13;
cucumber.runner.Runner.runPickle(Runner.java:80)&#13;
worker.org.gradle.process.internal.worker.GradleWorkerMain.run(GradleWorkerMain.java:69)&#13;
worker.org.gradle.process.internal.worker.GradleWorkerMain.main(GradleWorkerMain.java:74)&#13;
</system-err></testcase></testsuite>